\BOOKMARK [0][-]{chapter.1}{Pengantar Komunikasi Data}{}% 1
\BOOKMARK [0][-]{chapter.2}{Arsitektur Protokol}{}% 2
\BOOKMARK [0][-]{chapter.3}{Data Transmisi}{}% 3
\BOOKMARK [1][-]{section.3.1}{Konsep dan Terminologi}{chapter.3}% 4
\BOOKMARK [1][-]{section.3.2}{Transmisi Data Analog dan Digital}{chapter.3}% 5
\BOOKMARK [1][-]{section.3.3}{Gangguan Transmisi}{chapter.3}% 6
\BOOKMARK [1][-]{section.3.4}{Kapasitas Kanal}{chapter.3}% 7
\BOOKMARK [2][-]{subsection.3.4.1}{Nyquist Bandwidth}{section.3.4}% 8
\BOOKMARK [2][-]{subsection.3.4.2}{Shannon Capacity Formula}{section.3.4}% 9
\BOOKMARK [0][-]{chapter.4}{Media Transmisi}{}% 10
\BOOKMARK [1][-]{section.4.1}{Media Transmisi Terpandu/ Guided Transmission Media}{chapter.4}% 11
\BOOKMARK [2][-]{subsection.4.1.1}{Twisted-pair}{section.4.1}% 12
\BOOKMARK [1][-]{section.4.2}{Transmisi Nirkabel}{chapter.4}% 13
\BOOKMARK [1][-]{section.4.3}{Propagasi Nirkabel}{chapter.4}% 14
\BOOKMARK [1][-]{section.4.4}{Transmisi Line-of-sight}{chapter.4}% 15
\BOOKMARK [0][-]{chapter.5}{Data Link Control Protocol}{}% 16
\BOOKMARK [1][-]{section.5.1}{Key Points}{chapter.5}% 17
\BOOKMARK [1][-]{section.5.2}{Pengantar}{chapter.5}% 18
\BOOKMARK [1][-]{section.5.3}{Flow Control}{chapter.5}% 19
\BOOKMARK [1][-]{section.5.4}{Error Control}{chapter.5}% 20
\BOOKMARK [1][-]{section.5.5}{High-Level Data Link Control \(HDLC\)}{chapter.5}% 21
\BOOKMARK [0][-]{chapter.6}{Multiplexing}{}% 22
\BOOKMARK [1][-]{section.6.1}{Frequency-Division Multiplexing}{chapter.6}% 23
\BOOKMARK [1][-]{section.6.2}{Synchronous Time-Division Multiplexing}{chapter.6}% 24
\BOOKMARK [1][-]{section.6.3}{Cable Modem}{chapter.6}% 25
\BOOKMARK [1][-]{section.6.4}{Asymmetric Digital Subscriber Line \(ADSL\)}{chapter.6}% 26
\BOOKMARK [1][-]{section.6.5}{xDSL}{chapter.6}% 27
